<?xml version="1.0" encoding="UTF-8"?>
<testsuite name="SILab2Test" tests="1" skipped="0" failures="0" errors="0" timestamp="2022-05-12T08:43:40" hostname="DESKTOP-L695BOQ" time="0.041">
  <properties/>
  <testcase name="everyStatementAndEveryBranchTest()" classname="SILab2Test" time="0.041"/>
  <system-out><![CDATA[]]></system-out>
  <system-err><![CDATA[]]></system-err>
</testsuite>
